[2025-11-27T09:47:53.907+0000] {taskinstance.py:1157} INFO - Dependencies all met for dep_context=non-requeueable deps ti=<TaskInstance: taxi_streaming_pipeline.run_flink_job manual__2025-11-27T09:47:41.741020+00:00 [queued]>
[2025-11-27T09:47:53.915+0000] {taskinstance.py:1157} INFO - Dependencies all met for dep_context=requeueable deps ti=<TaskInstance: taxi_streaming_pipeline.run_flink_job manual__2025-11-27T09:47:41.741020+00:00 [queued]>
[2025-11-27T09:47:53.915+0000] {taskinstance.py:1359} INFO - Starting attempt 1 of 2
[2025-11-27T09:47:53.928+0000] {taskinstance.py:1380} INFO - Executing <Task(BashOperator): run_flink_job> on 2025-11-27 09:47:41.741020+00:00
[2025-11-27T09:47:53.933+0000] {standard_task_runner.py:57} INFO - Started process 124 to run task
[2025-11-27T09:47:53.936+0000] {standard_task_runner.py:84} INFO - Running: ['airflow', 'tasks', 'run', 'taxi_streaming_pipeline', 'run_flink_job', 'manual__2025-11-27T09:47:41.741020+00:00', '--job-id', '129', '--raw', '--subdir', 'DAGS_FOLDER/taxi_pipeline_dag.py', '--cfg-path', '/tmp/tmpt3tm1fff']
[2025-11-27T09:47:53.937+0000] {standard_task_runner.py:85} INFO - Job 129: Subtask run_flink_job
[2025-11-27T09:47:53.993+0000] {task_command.py:415} INFO - Running <TaskInstance: taxi_streaming_pipeline.run_flink_job manual__2025-11-27T09:47:41.741020+00:00 [running]> on host 485e0d4eae03
[2025-11-27T09:47:54.038+0000] {abstractoperator.py:709} ERROR - Exception rendering Jinja template for task 'run_flink_job', field 'bash_command'. Template: '\n        echo "Submitting Flink job..."\n\n        # Detect container dynamically (escaped braces)\n        JOB_MANAGER=$(docker ps --format \'{{{{.Names}}}}\' | grep flink-jobmanager || true)\n        if [ -z "$JOB_MANAGER" ]; then\n            echo "ERROR: Flink JobManager container not running"\n            exit 1\n        fi\n\n        JOB_FILE="/opt/flink/jobs/kafka_consumer_ui.py"\n        docker exec "$JOB_MANAGER" test -f "$JOB_FILE"\n        if [ $? -ne 0 ]; then\n            echo "ERROR: Flink job file not found: $JOB_FILE"\n            exit 1\n        fi\n\n        echo "Submitting Flink job..."\n        docker exec "$JOB_MANAGER" flink run -py "$JOB_FILE" -d\n        if [ $? -ne 0 ]; then\n            echo "ERROR: Flink job submission failed"\n            docker logs "$JOB_MANAGER" | tail -50\n            exit 1\n        fi\n\n        echo "Flink job submitted successfully"\n        '
Traceback (most recent call last):
  File "/home/airflow/.local/lib/python3.8/site-packages/airflow/models/abstractoperator.py", line 701, in _do_render_template_fields
    rendered_content = self.render_template(
  File "/home/airflow/.local/lib/python3.8/site-packages/airflow/template/templater.py", line 156, in render_template
    template = jinja_env.from_string(value)
  File "/home/airflow/.local/lib/python3.8/site-packages/jinja2/environment.py", line 1105, in from_string
    return cls.from_code(self, self.compile(source), gs, None)
  File "/home/airflow/.local/lib/python3.8/site-packages/jinja2/environment.py", line 768, in compile
    self.handle_exception(source=source_hint)
  File "/home/airflow/.local/lib/python3.8/site-packages/jinja2/environment.py", line 936, in handle_exception
    raise rewrite_traceback_stack(source=source)
  File "<unknown>", line 5, in template
jinja2.exceptions.TemplateSyntaxError: unexpected '.'
[2025-11-27T09:47:54.040+0000] {taskinstance.py:1935} ERROR - Task failed with exception
Traceback (most recent call last):
  File "/home/airflow/.local/lib/python3.8/site-packages/airflow/models/taskinstance.py", line 1516, in _run_raw_task
    self._execute_task_with_callbacks(context, test_mode, session=session)
  File "/home/airflow/.local/lib/python3.8/site-packages/airflow/models/taskinstance.py", line 1645, in _execute_task_with_callbacks
    task_orig = self.render_templates(context=context)
  File "/home/airflow/.local/lib/python3.8/site-packages/airflow/models/taskinstance.py", line 2283, in render_templates
    original_task.render_template_fields(context)
  File "/home/airflow/.local/lib/python3.8/site-packages/airflow/models/baseoperator.py", line 1245, in render_template_fields
    self._do_render_template_fields(self, self.template_fields, context, jinja_env, set())
  File "/home/airflow/.local/lib/python3.8/site-packages/airflow/utils/session.py", line 77, in wrapper
    return func(*args, session=session, **kwargs)
  File "/home/airflow/.local/lib/python3.8/site-packages/airflow/models/abstractoperator.py", line 701, in _do_render_template_fields
    rendered_content = self.render_template(
  File "/home/airflow/.local/lib/python3.8/site-packages/airflow/template/templater.py", line 156, in render_template
    template = jinja_env.from_string(value)
  File "/home/airflow/.local/lib/python3.8/site-packages/jinja2/environment.py", line 1105, in from_string
    return cls.from_code(self, self.compile(source), gs, None)
  File "/home/airflow/.local/lib/python3.8/site-packages/jinja2/environment.py", line 768, in compile
    self.handle_exception(source=source_hint)
  File "/home/airflow/.local/lib/python3.8/site-packages/jinja2/environment.py", line 936, in handle_exception
    raise rewrite_traceback_stack(source=source)
  File "<unknown>", line 5, in template
jinja2.exceptions.TemplateSyntaxError: unexpected '.'
[2025-11-27T09:47:54.051+0000] {taskinstance.py:1398} INFO - Marking task as UP_FOR_RETRY. dag_id=taxi_streaming_pipeline, task_id=run_flink_job, execution_date=20251127T094741, start_date=20251127T094753, end_date=20251127T094754
[2025-11-27T09:47:54.061+0000] {standard_task_runner.py:104} ERROR - Failed to execute job 129 for task run_flink_job (unexpected '.'; 124)
[2025-11-27T09:47:54.070+0000] {local_task_job_runner.py:228} INFO - Task exited with return code 1
[2025-11-27T09:47:54.093+0000] {taskinstance.py:2776} INFO - 0 downstream tasks scheduled from follow-on schedule check
